c:\users\bbmce\onedrive\pokemon_newest_itteration\pokemon_newest\output\intermediate\game-win32\win32\game-win32\debug\vc141.pdb
c:\users\bbmce\onedrive\pokemon_newest_itteration\pokemon_newest\output\intermediate\game-win32\win32\game-win32\debug\vc141.idb
c:\users\bbmce\onedrive\pokemon_newest_itteration\pokemon_newest\output\intermediate\game-win32\win32\game-win32\debug\winmain.obj
c:\users\bbmce\onedrive\pokemon_newest_itteration\pokemon_newest\output\intermediate\game-win32\win32\game-win32\debug\tilemap.obj
c:\users\bbmce\onedrive\pokemon_newest_itteration\pokemon_newest\output\intermediate\game-win32\win32\game-win32\debug\resourcemanager.obj
c:\users\bbmce\onedrive\pokemon_newest_itteration\pokemon_newest\output\intermediate\game-win32\win32\game-win32\debug\animatedsprite.obj
c:\users\bbmce\onedrive\pokemon_newest_itteration\pokemon_newest\output\intermediate\game-win32\win32\game-win32\debug\mesh.obj
c:\users\bbmce\onedrive\pokemon_newest_itteration\pokemon_newest\output\intermediate\game-win32\win32\game-win32\debug\canvas.obj
c:\users\bbmce\onedrive\pokemon_newest_itteration\pokemon_newest\output\intermediate\game-win32\win32\game-win32\debug\game.obj
c:\users\bbmce\onedrive\pokemon_newest_itteration\pokemon_newest\output\intermediate\game-win32\win32\game-win32\debug\trainer.obj
c:\users\bbmce\onedrive\pokemon_newest_itteration\pokemon_newest\output\intermediate\game-win32\win32\game-win32\debug\rivalhouse.obj
c:\users\bbmce\onedrive\pokemon_newest_itteration\pokemon_newest\output\intermediate\game-win32\win32\game-win32\debug\playerhouse.obj
c:\users\bbmce\onedrive\pokemon_newest_itteration\pokemon_newest\output\intermediate\game-win32\win32\game-win32\debug\playercontroller.obj
c:\users\bbmce\onedrive\pokemon_newest_itteration\pokemon_newest\output\intermediate\game-win32\win32\game-win32\debug\gameobject.obj
c:\users\bbmce\onedrive\pokemon_newest_itteration\pokemon_newest\output\intermediate\game-win32\win32\game-win32\debug\pallettown.obj
c:\users\bbmce\onedrive\pokemon_newest_itteration\pokemon_newest\output\intermediate\game-win32\win32\game-win32\debug\oakhouse.obj
c:\users\bbmce\onedrive\pokemon_newest_itteration\pokemon_newest\output\intermediate\game-win32\win32\game-win32\debug\gamecamera.obj
c:\users\bbmce\onedrive\pokemon_newest_itteration\pokemon_newest\output\intermediate\game-win32\win32\game-win32\debug\scene.obj
c:\users\bbmce\onedrive\pokemon_newest_itteration\pokemon_newest\output\intermediate\game-win32\win32\game-win32\debug\scenemanager.obj
c:\users\bbmce\onedrive\pokemon_newest_itteration\pokemon_newest\output\intermediate\game-win32\win32\game-win32\debug\eventhandler.obj
c:\users\bbmce\onedrive\pokemon_newest_itteration\pokemon_newest\output\intermediate\game-win32\win32\game-win32\debug\pallettownmap.obj
c:\users\bbmce\onedrive\pokemon_newest_itteration\pokemon_newest\output\intermediate\game-win32\win32\game-win32\debug\oaklabmap.obj
c:\users\bbmce\onedrive\pokemon_newest_itteration\pokemon_newest\output\intermediate\game-win32\win32\game-win32\debug\tilemappallettown.obj
c:\users\bbmce\onedrive\pokemon_newest_itteration\pokemon_newest\output\intermediate\game-win32\win32\game-win32\debug\oaklab.obj
c:\users\bbmce\onedrive\pokemon_newest_itteration\pokemon_newest\output\intermediate\game-win32\win32\game-win32\debug\tilemapoaklab.obj
c:\users\bbmce\onedrive\pokemon_newest_itteration\pokemon_newest\output\intermediate\game-win32\win32\game-win32\debug\oaklabtabletop.obj
c:\users\bbmce\onedrive\pokemon_newest_itteration\pokemon_newest\output\intermediate\game-win32\win32\game-win32\debug\oaklabplanttop.obj
c:\users\bbmce\onedrive\pokemon_newest_itteration\pokemon_newest\output\intermediate\game-win32\win32\game-win32\debug\oaklabdesktop.obj
c:\users\bbmce\onedrive\pokemon_newest_itteration\pokemon_newest\output\intermediate\game-win32\win32\game-win32\debug\oaklabmachinetop.obj
c:\users\bbmce\onedrive\pokemon_newest_itteration\pokemon_newest\output\intermediate\game-win32\win32\game-win32\debug\aicontroller.obj
c:\users\bbmce\onedrive\pokemon_newest_itteration\pokemon_newest\output\intermediate\game-win32\win32\game-win32\debug\professoroak.obj
c:\users\bbmce\onedrive\pokemon_newest_itteration\pokemon_newest\output\intermediate\game-win32\win32\game-win32\debug\astarpathfinder.obj
c:\users\bbmce\onedrive\pokemon_newest_itteration\pokemon_newest\output\intermediate\game-win32\win32\game-win32\debug\towngirl.obj
c:\users\bbmce\onedrive\pokemon_newest_itteration\pokemon_newest\output\intermediate\game-win32\win32\game-win32\debug\townboy.obj
c:\users\bbmce\onedrive\pokemon_newest_itteration\pokemon_newest\output\intermediate\game-win32\win32\game-win32\debug\fileiomanager.obj
c:\users\bbmce\onedrive\pokemon_newest_itteration\pokemon_newest\output\intermediate\game-win32\win32\game-win32\debug\aiwalkingstate.obj
c:\users\bbmce\onedrive\pokemon_newest_itteration\pokemon_newest\output\intermediate\game-win32\win32\game-win32\debug\aionquesttriggerstate.obj
c:\users\bbmce\onedrive\pokemon_newest_itteration\pokemon_newest\output\intermediate\game-win32\win32\game-win32\debug\aiidlestate.obj
c:\users\bbmce\onedrive\pokemon_newest_itteration\pokemon_newest\output\intermediate\game-win32\win32\game-win32\debug\aitracktoplayerstate.obj
c:\users\bbmce\onedrive\pokemon_newest_itteration\pokemon_newest\output\intermediate\game-win32\win32\game-win32\debug\aipathingstate.obj
c:\users\bbmce\onedrive\pokemon_newest_itteration\pokemon_newest\output\intermediate\game-win32\win32\game-win32\debug\aistatemachine.obj
c:\users\bbmce\onedrive\pokemon_newest_itteration\pokemon_newest\output\intermediate\game-win32\win32\game-win32\debug\game-win32.pch
c:\users\bbmce\onedrive\pokemon_newest_itteration\pokemon_newest\output\intermediate\game-win32\win32\game-win32\debug\gamepch.obj
c:\users\bbmce\onedrive\pokemon_newest_itteration\pokemon_newest\output\game-win32\win32\game-win32\debug\game-win32.lib
c:\users\bbmce\onedrive\pokemon_newest_itteration\pokemon_newest\output\game-win32\win32\game-win32\debug\game-win32.exp
c:\users\bbmce\onedrive\pokemon_newest_itteration\pokemon_newest\output\game-win32\win32\game-win32\debug\game-win32.exe
c:\users\bbmce\onedrive\pokemon_newest_itteration\pokemon_newest\output\game-win32\win32\game-win32\debug\game-win32.ilk
c:\users\bbmce\onedrive\pokemon_newest_itteration\pokemon_newest\output\game-win32\win32\game-win32\debug\game-win32.pdb
c:\users\bbmce\onedrive\pokemon_newest_itteration\pokemon_newest\output\intermediate\game-win32\win32\game-win32\debug\astarpathfinder.obj.enc
c:\users\bbmce\onedrive\pokemon_newest_itteration\pokemon_newest\output\intermediate\game-win32\win32\game-win32\debug\playercontroller.obj.enc
c:\users\bbmce\onedrive\pokemon_newest_itteration\pokemon_newest\output\intermediate\game-win32\win32\game-win32\debug\game-win32.tlog\cl.command.1.tlog
c:\users\bbmce\onedrive\pokemon_newest_itteration\pokemon_newest\output\intermediate\game-win32\win32\game-win32\debug\game-win32.tlog\cl.read.1.tlog
c:\users\bbmce\onedrive\pokemon_newest_itteration\pokemon_newest\output\intermediate\game-win32\win32\game-win32\debug\game-win32.tlog\cl.write.1.tlog
c:\users\bbmce\onedrive\pokemon_newest_itteration\pokemon_newest\output\intermediate\game-win32\win32\game-win32\debug\game-win32.tlog\game-win32.write.1u.tlog
c:\users\bbmce\onedrive\pokemon_newest_itteration\pokemon_newest\output\intermediate\game-win32\win32\game-win32\debug\game-win32.tlog\link.command.1.tlog
c:\users\bbmce\onedrive\pokemon_newest_itteration\pokemon_newest\output\intermediate\game-win32\win32\game-win32\debug\game-win32.tlog\link.delete.1.tlog
c:\users\bbmce\onedrive\pokemon_newest_itteration\pokemon_newest\output\intermediate\game-win32\win32\game-win32\debug\game-win32.tlog\link.read.1.tlog
c:\users\bbmce\onedrive\pokemon_newest_itteration\pokemon_newest\output\intermediate\game-win32\win32\game-win32\debug\game-win32.tlog\link.write.1.tlog
