c:\users\bbmce\onedrive\pokemon_newest_itteration\pokemon_newest\output\intermediate\framework-win32\win32\debug\framework-win32.pch
c:\users\bbmce\onedrive\pokemon_newest_itteration\pokemon_newest\output\intermediate\framework-win32\win32\debug\framework-win32.pdb
c:\users\bbmce\onedrive\pokemon_newest_itteration\pokemon_newest\output\intermediate\framework-win32\win32\debug\framework-win32.idb
c:\users\bbmce\onedrive\pokemon_newest_itteration\pokemon_newest\output\intermediate\framework-win32\win32\debug\frameworkpch.obj
c:\users\bbmce\onedrive\pokemon_newest_itteration\pokemon_newest\output\intermediate\framework-win32\win32\debug\windowshelpers.obj
c:\users\bbmce\onedrive\pokemon_newest_itteration\pokemon_newest\output\intermediate\framework-win32\win32\debug\wglextensions.obj
c:\users\bbmce\onedrive\pokemon_newest_itteration\pokemon_newest\output\intermediate\framework-win32\win32\debug\glextensions.obj
c:\users\bbmce\onedrive\pokemon_newest_itteration\pokemon_newest\output\intermediate\framework-win32\win32\debug\frameworkmain.obj
c:\users\bbmce\onedrive\pokemon_newest_itteration\pokemon_newest\output\intermediate\framework-win32\win32\debug\shaderprogram.obj
c:\users\bbmce\onedrive\pokemon_newest_itteration\pokemon_newest\output\intermediate\framework-win32\win32\debug\mymemory.obj
c:\users\bbmce\onedrive\pokemon_newest_itteration\pokemon_newest\output\intermediate\framework-win32\win32\debug\mymatrix.obj
c:\users\bbmce\onedrive\pokemon_newest_itteration\pokemon_newest\output\intermediate\framework-win32\win32\debug\gamecore.obj
c:\users\bbmce\onedrive\pokemon_newest_itteration\pokemon_newest\output\intermediate\framework-win32\win32\debug\glhelpers.obj
c:\users\bbmce\onedrive\pokemon_newest_itteration\pokemon_newest\output\intermediate\framework-win32\win32\debug\eventmanager.obj
c:\users\bbmce\onedrive\pokemon_newest_itteration\pokemon_newest\output\intermediate\framework-win32\win32\debug\test.obj
c:\users\bbmce\onedrive\pokemon_newest_itteration\pokemon_newest\output\intermediate\framework-win32\win32\debug\cjson_utils.obj
c:\users\bbmce\onedrive\pokemon_newest_itteration\pokemon_newest\output\intermediate\framework-win32\win32\debug\cjson.obj
c:\users\bbmce\onedrive\pokemon_newest_itteration\pokemon_newest\output\intermediate\framework-win32\win32\debug\lodepng.obj
c:\users\bbmce\onedrive\pokemon_newest_itteration\pokemon_newest\output\framework-win32\win32\debug\framework-win32.lib
c:\users\bbmce\onedrive\pokemon_newest_itteration\pokemon_newest\output\framework-win32\win32\debug\framework-win32.pdb
c:\users\bbmce\onedrive\pokemon_newest_itteration\pokemon_newest\output\intermediate\framework-win32\win32\debug\framework-win32.tlog\cl.command.1.tlog
c:\users\bbmce\onedrive\pokemon_newest_itteration\pokemon_newest\output\intermediate\framework-win32\win32\debug\framework-win32.tlog\cl.read.1.tlog
c:\users\bbmce\onedrive\pokemon_newest_itteration\pokemon_newest\output\intermediate\framework-win32\win32\debug\framework-win32.tlog\cl.write.1.tlog
c:\users\bbmce\onedrive\pokemon_newest_itteration\pokemon_newest\output\intermediate\framework-win32\win32\debug\framework-win32.tlog\lib-link.read.1.tlog
c:\users\bbmce\onedrive\pokemon_newest_itteration\pokemon_newest\output\intermediate\framework-win32\win32\debug\framework-win32.tlog\lib-link.write.1.tlog
c:\users\bbmce\onedrive\pokemon_newest_itteration\pokemon_newest\output\intermediate\framework-win32\win32\debug\framework-win32.tlog\lib.command.1.tlog
